2026-04-17 06:52:43 - AppointmentStore - INFO - Adding appointment: Appointment(id=1, doctor=Doctor(id=4, name='Lori Chapman', specialization='Cardiology'), patient=Patient(id=26, name='Tamara Gross', dob='1946-09-19', ailment='Heart Disease'), date='2026-04-30', time='06:52:43.838293')
2026-04-17 06:52:43 - AppointmentStore - INFO - Adding appointment: Appointment(id=3, doctor=Doctor(id=5, name='Joseph Ramirez', specialization='Dermatology'), patient=Patient(id=20, name='Jimmy Casey', dob='1993-07-11', ailment='Skin Rash'), date='2026-04-30', time='06:52:43.838639')
2026-04-17 06:52:43 - AppointmentStore - INFO - Adding appointment: Appointment(id=7, doctor=Doctor(id=4, name='Lori Chapman', specialization='Cardiology'), patient=Patient(id=26, name='Tamara Gross', dob='1946-09-19', ailment='Heart Disease'), date='2026-05-02', time='06:52:43.841190')
2026-04-17 06:52:43 - AppointmentStore - INFO - Adding appointment: Appointment(id=8, doctor=Doctor(id=4, name='Lori Chapman', specialization='Cardiology'), patient=Patient(id=27, name='Nathaniel Randall', dob='1961-09-21', ailment='Hypertension'), date='2026-05-09', time='06:52:43.841393')
2026-04-17 06:52:43 - AppointmentStore - INFO - Adding appointment: Appointment(id=10, doctor=Doctor(id=4, name='Lori Chapman', specialization='Cardiology'), patient=Patient(id=27, name='Nathaniel Randall', dob='1961-09-21', ailment='Hypertension'), date='2026-05-05', time='06:52:43.841674')
2026-04-17 06:52:43 - AppointmentStore - INFO - Adding appointment: Appointment(id=13, doctor=Doctor(id=8, name='Thomas Clark', specialization='Orthopedics'), patient=Patient(id=13, name='Christopher Sullivan', dob='1998-04-26', ailment='Back Pain'), date='2026-04-21', time='06:52:43.842082')
2026-04-17 06:52:43 - AppointmentStore - INFO - Adding appointment: Appointment(id=17, doctor=Doctor(id=8, name='Thomas Clark', specialization='Orthopedics'), patient=Patient(id=13, name='Christopher Sullivan', dob='1998-04-26', ailment='Back Pain'), date='2026-05-11', time='06:52:43.842552')
2026-04-17 06:52:43 - AppointmentStore - INFO - Adding appointment: Appointment(id=19, doctor=Doctor(id=10, name='Timothy Bell', specialization='Psychiatry'), patient=Patient(id=5, name='Brett Duncan', dob='1970-07-18', ailment='Depression'), date='2026-05-11', time='06:52:43.842825')
2026-04-17 06:52:43 - AppointmentStore - INFO - Adding appointment: Appointment(id=20, doctor=Doctor(id=4, name='Lori Chapman', specialization='Cardiology'), patient=Patient(id=1, name='Kevin Wood', dob='1948-02-16', ailment='Hypertension'), date='2026-04-26', time='06:52:43.843225')
2026-04-17 06:52:43 - AppointmentStore - INFO - Adding appointment: Appointment(id=28, doctor=Doctor(id=10, name='Timothy Bell', specialization='Psychiatry'), patient=Patient(id=21, name='Melissa Duncan', dob='1993-08-17', ailment='Anxiety'), date='2026-05-04', time='06:52:43.844120')
2026-04-17 06:52:43 - AppointmentStore - INFO - Adding appointment: Appointment(id=29, doctor=Doctor(id=8, name='Thomas Clark', specialization='Orthopedics'), patient=Patient(id=6, name='Paul Owen', dob='2005-10-29', ailment='Back Pain'), date='2026-05-12', time='06:52:43.844310')
2026-04-17 06:52:43 - AppointmentStore - INFO - Adding appointment: Appointment(id=30, doctor=Doctor(id=10, name='Timothy Bell', specialization='Psychiatry'), patient=Patient(id=21, name='Melissa Duncan', dob='1993-08-17', ailment='Anxiety'), date='2026-04-22', time='06:52:43.844493')
2026-04-17 06:52:43 - AppointmentStore - INFO - Getting all appointments
2026-04-17 06:52:43 - AppointmentStore - INFO - Getting all appointments
2026-04-17 08:51:58 - AppointmentStore - INFO - Adding appointment: Appointment(id=2, doctor=Doctor(id=7, name='William Sullivan', specialization='Rheumatology'), patient=Patient(id=18, name='Mr. Jason Malone', dob='1947-06-30', ailment='Arthritis'), date='2026-05-01', time='08:51:58.382413')
2026-04-17 08:51:58 - AppointmentStore - INFO - Adding appointment: Appointment(id=4, doctor=Doctor(id=10, name='Vickie Robinson', specialization='Endocrinology'), patient=Patient(id=26, name='Susan Thompson', dob='1982-08-24', ailment='Diabetes'), date='2026-05-11', time='08:51:58.382801')
2026-04-17 08:51:58 - AppointmentStore - INFO - Adding appointment: Appointment(id=5, doctor=Doctor(id=7, name='William Sullivan', specialization='Rheumatology'), patient=Patient(id=18, name='Mr. Jason Malone', dob='1947-06-30', ailment='Arthritis'), date='2026-05-16', time='08:51:58.383066')
2026-04-17 08:51:58 - AppointmentStore - INFO - Adding appointment: Appointment(id=6, doctor=Doctor(id=3, name='Jeff Rogers', specialization='Pulmonology'), patient=Patient(id=22, name='Shawn Bray', dob='2002-12-05', ailment='Asthma'), date='2026-04-29', time='08:51:58.383262')
2026-04-17 08:51:58 - AppointmentStore - INFO - Adding appointment: Appointment(id=7, doctor=Doctor(id=6, name='Angelica Greer', specialization='Allergy and Immunology'), patient=Patient(id=10, name='Morgan Sullivan', dob='1955-05-22', ailment='Allergy'), date='2026-05-09', time='08:51:58.383444')
2026-04-17 08:51:58 - AppointmentStore - INFO - Adding appointment: Appointment(id=14, doctor=Doctor(id=10, name='Vickie Robinson', specialization='Endocrinology'), patient=Patient(id=26, name='Susan Thompson', dob='1982-08-24', ailment='Diabetes'), date='2026-04-25', time='08:51:58.384319')
2026-04-17 08:51:58 - AppointmentStore - INFO - Adding appointment: Appointment(id=15, doctor=Doctor(id=6, name='Angelica Greer', specialization='Allergy and Immunology'), patient=Patient(id=10, name='Morgan Sullivan', dob='1955-05-22', ailment='Allergy'), date='2026-05-03', time='08:51:58.384511')
2026-04-17 08:51:58 - AppointmentStore - INFO - Adding appointment: Appointment(id=16, doctor=Doctor(id=9, name='Cynthia Garza', specialization='Infectious Disease'), patient=Patient(id=6, name='Randy Schaefer', dob='1992-06-06', ailment='Flu'), date='2026-05-08', time='08:51:58.384712')
2026-04-17 08:51:58 - AppointmentStore - INFO - Adding appointment: Appointment(id=17, doctor=Doctor(id=9, name='Cynthia Garza', specialization='Infectious Disease'), patient=Patient(id=6, name='Randy Schaefer', dob='1992-06-06', ailment='Flu'), date='2026-04-23', time='08:51:58.384934')
2026-04-17 08:51:58 - AppointmentStore - INFO - Adding appointment: Appointment(id=19, doctor=Doctor(id=7, name='William Sullivan', specialization='Rheumatology'), patient=Patient(id=18, name='Mr. Jason Malone', dob='1947-06-30', ailment='Arthritis'), date='2026-05-07', time='08:51:58.385230')
2026-04-17 08:51:58 - AppointmentStore - INFO - Adding appointment: Appointment(id=21, doctor=Doctor(id=9, name='Cynthia Garza', specialization='Infectious Disease'), patient=Patient(id=20, name='Michael Smith', dob='1977-01-03', ailment='Infection'), date='2026-04-26', time='08:51:58.385528')
2026-04-17 08:51:58 - AppointmentStore - INFO - Adding appointment: Appointment(id=23, doctor=Doctor(id=7, name='William Sullivan', specialization='Rheumatology'), patient=Patient(id=18, name='Mr. Jason Malone', dob='1947-06-30', ailment='Arthritis'), date='2026-04-19', time='08:51:58.385857')
2026-04-17 08:51:58 - AppointmentStore - INFO - Adding appointment: Appointment(id=24, doctor=Doctor(id=9, name='Cynthia Garza', specialization='Infectious Disease'), patient=Patient(id=6, name='Randy Schaefer', dob='1992-06-06', ailment='Flu'), date='2026-04-29', time='08:51:58.386060')
2026-04-17 08:51:58 - AppointmentStore - INFO - Adding appointment: Appointment(id=26, doctor=Doctor(id=6, name='Angelica Greer', specialization='Allergy and Immunology'), patient=Patient(id=10, name='Morgan Sullivan', dob='1955-05-22', ailment='Allergy'), date='2026-05-11', time='08:51:58.386366')
2026-04-17 08:51:58 - AppointmentStore - INFO - Adding appointment: Appointment(id=27, doctor=Doctor(id=8, name='Teresa Atkins', specialization='Cardiology'), patient=Patient(id=16, name='Randy Mullins', dob='1968-03-13', ailment='Heart Disease'), date='2026-04-25', time='08:51:58.386566')
2026-04-17 08:51:58 - AppointmentStore - INFO - Getting all appointments
2026-04-17 08:51:58 - AppointmentStore - INFO - Getting all appointments
